<?xml version="1.0" encoding="UTF-8"?>
<!-- Generated by org.testng.reporters.JUnitReportReporter -->
<testsuite hostname="BDC6-DX-6C7DNK2" name="Scenario.TestClass01" tests="2" failures="0" timestamp="27 Aug 2019 06:51:34 GMT" time="0.014" errors="0">
  <testcase name="tMethod1" time="0.002" classname="Scenario.TestClass01"/>
  <testcase name="tMethod2" time="0.012" classname="Scenario.TestClass01"/>
</testsuite> <!-- Scenario.TestClass01 -->
