<?xml version="1.0" encoding="UTF-8"?>
<!-- Generated by org.testng.reporters.JUnitReportReporter -->
<testsuite hostname="BDC6-DX-6C7DNK2" name="Preethi_T_Day1.NewTest1" tests="2" failures="0" timestamp="26 Aug 2019 10:36:10 GMT" time="0.017" errors="0">
  <testcase name="testGoogle" time="0.002" classname="Preethi_T_Day1.NewTest1"/>
  <testcase name="testTwitter" time="0.015" classname="Preethi_T_Day1.NewTest1"/>
</testsuite> <!-- Preethi_T_Day1.NewTest1 -->
