<?xml version="1.0" encoding="UTF-8"?>
<!-- Generated by org.testng.reporters.JUnitReportReporter -->
<testsuite hostname="BDC6-DX-6C7DNK2" name="Preethi_T_Day1.NewTest3" tests="2" failures="0" timestamp="27 Aug 2019 03:12:21 GMT" time="0.013" errors="0">
  <testcase name="testLogin" time="0.011" classname="Preethi_T_Day1.NewTest3"/>
  <testcase name="testLogin" time="0.002" classname="Preethi_T_Day1.NewTest3"/>
</testsuite> <!-- Preethi_T_Day1.NewTest3 -->
