<?xml version="1.0" encoding="UTF-8"?>
<!-- Generated by org.testng.reporters.JUnitReportReporter -->
<testsuite hostname="BDC6-DX-6C7DNK2" name="Preethi_T_Day1.TestClass1" tests="4" failures="0" timestamp="26 Aug 2019 09:59:22 GMT" time="0.019" errors="0">
  <testcase name="display1" time="0.001" classname="Preethi_T_Day1.TestClass1"/>
  <testcase name="display2" time="0.007" classname="Preethi_T_Day1.TestClass1"/>
  <testcase name="display1" time="0.007" classname="Preethi_T_Day1.TestClass1"/>
  <testcase name="display2" time="0.004" classname="Preethi_T_Day1.TestClass1"/>
</testsuite> <!-- Preethi_T_Day1.TestClass1 -->
