<?xml version="1.0" encoding="UTF-8"?>
<!-- Generated by org.testng.reporters.JUnitReportReporter -->
<testsuite hostname="BDC6-DX-6C7DNK2" name="Preethi_T_Day1.Annotations_All_demo" tests="2" failures="0" timestamp="27 Aug 2019 05:10:59 GMT" time="0.004" errors="0">
  <testcase name="display1" time="0.003" classname="Preethi_T_Day1.Annotations_All_demo"/>
  <testcase name="display2" time="0.001" classname="Preethi_T_Day1.Annotations_All_demo"/>
</testsuite> <!-- Preethi_T_Day1.Annotations_All_demo -->
