<?xml version="1.0" encoding="UTF-8"?>
<!-- Generated by org.testng.reporters.JUnitReportReporter -->
<testsuite hostname="BDC6-DX-6C7DNK2" name="Scenario.TestClass02" tests="2" failures="0" timestamp="27 Aug 2019 06:51:34 GMT" time="0.005" errors="0">
  <testcase name="tMethod4" time="0.003" classname="Scenario.TestClass02"/>
  <testcase name="tMethod3" time="0.002" classname="Scenario.TestClass02"/>
</testsuite> <!-- Scenario.TestClass02 -->
