<?xml version="1.0" encoding="UTF-8"?>
<!-- Generated by org.testng.reporters.JUnitReportReporter -->
<testsuite hostname="BDC6-DX-6C7DNK2" name="Preethi_T_Day1.Credentials" tests="2" failures="0" timestamp="27 Aug 2019 05:27:21 GMT" time="0.016" errors="0">
  <testcase name="testLogin" time="0.004" classname="Preethi_T_Day1.Credentials"/>
  <testcase name="testLogin" time="0.012" classname="Preethi_T_Day1.Credentials"/>
</testsuite> <!-- Preethi_T_Day1.Credentials -->
