<?xml version="1.0" encoding="UTF-8"?>
<!-- Generated by org.testng.reporters.JUnitReportReporter -->
<testsuite hostname="BDC6-DX-6C7DNK2" name="Preethi_T_Day1.Annotations_All" tests="1" failures="0" timestamp="27 Aug 2019 05:10:59 GMT" time="0.005" errors="0">
  <testcase name="f" time="0.005" classname="Preethi_T_Day1.Annotations_All"/>
</testsuite> <!-- Preethi_T_Day1.Annotations_All -->
