<?xml version="1.0" encoding="UTF-8"?>
<!-- Generated by org.testng.reporters.JUnitReportReporter -->
<testsuite hostname="BDC6-DX-6C7DNK2" name="Preethi_T_Day1.NewTest" tests="1" failures="0" timestamp="26 Aug 2019 09:59:22 GMT" time="0.004" errors="0">
  <testcase name="f" time="0.004" classname="Preethi_T_Day1.NewTest"/>
</testsuite> <!-- Preethi_T_Day1.NewTest -->
