<?xml version="1.0" encoding="UTF-8"?>
<!-- Generated by org.testng.reporters.JUnitReportReporter -->
<testsuite hostname="BDC6-DX-6C7DNK2" name="Preethi_T_Day1.Priority" tests="4" failures="0" timestamp="27 Aug 2019 05:27:21 GMT" time="0.027" errors="0">
  <testcase name="testGoogle" time="0.006" classname="Preethi_T_Day1.Priority"/>
  <testcase name="testGoogle" time="0.005" classname="Preethi_T_Day1.Priority"/>
  <testcase name="testTwitter" time="0.003" classname="Preethi_T_Day1.Priority"/>
  <testcase name="testTwitter" time="0.013" classname="Preethi_T_Day1.Priority"/>
</testsuite> <!-- Preethi_T_Day1.Priority -->
